<?xml version="1.0" encoding="UTF-8"?>
<!-- Generated by org.testng.reporters.JUnitXMLReporter -->
<testsuite hostname="Abhijit-PC" name="Test purchasing functionality using product menu" tests="3" failures="0" timestamp="26 Aug 2018 06:25:25 GMT" time="59.241" errors="0">
  <testcase name="testStoreSignIn" time="45.29" classname="com.avactis.test.integration.tests.testAvactis"/>
  <testcase name="testProductPurchase" time="3.153" classname="com.avactis.test.integration.tests.testAvactis"/>
  <testcase name="testProductPurchase" time="6.245" classname="com.avactis.test.integration.tests.testAvactis"/>
</testsuite> <!-- Test purchasing functionality using product menu -->
